2021-09-27 12:14:24 - Server has been started
2021-09-27 12:14:25 - Failed to database connection
2021-09-27 12:14:25 - Waiting for new client connection...
2021-09-27 12:14:38 - Client has been connected
2021-09-27 12:14:38 - Waiting for new client connection...
2021-09-27 12:18:50 - Server has been started
2021-09-27 12:18:50 - Waiting for new client connection...
2021-09-27 12:19:18 - Client has been connected
2021-09-27 12:19:18 - Waiting for new client connection...
2021-09-27 12:19:58 - Failed to process message from client
2021-09-27 12:25:37 - Client has been connected
2021-09-27 12:25:37 - Waiting for new client connection...
2021-09-27 12:26:28 - Server has been started
2021-09-27 12:26:29 - Waiting for new client connection...
2021-09-27 12:26:36 - Client has been connected
2021-09-27 12:26:36 - Waiting for new client connection...
2021-09-27 12:27:51 - Failed to process message from client
2021-09-27 12:29:01 - Server has been started
2021-09-27 12:29:01 - Waiting for new client connection...
2021-09-27 12:29:04 - Client has been connected
2021-09-27 12:29:04 - Waiting for new client connection...
2021-09-27 12:29:36 - Client has been connected
2021-09-27 12:29:36 - Waiting for new client connection...
2021-09-27 12:29:38 - Failed to process message from client
2021-09-27 12:30:12 - Server has been started
2021-09-27 12:30:12 - Waiting for new client connection...
2021-09-27 12:30:26 - Client has been connected
2021-09-27 12:30:26 - Waiting for new client connection...
2021-09-27 12:32:01 - Client has been connected
2021-09-27 12:32:01 - Waiting for new client connection...
2021-09-27 12:32:25 - Failed to process message from client
2021-09-27 12:32:26 - Failed to process message from client
2021-09-27 12:42:35 - Server has been started
2021-09-27 12:42:35 - Waiting for new client connection...
2021-09-27 12:42:46 - Client has been connected
2021-09-27 12:42:46 - Waiting for new client connection...
2021-09-27 12:43:04 - Client has been connected
2021-09-27 12:43:04 - Waiting for new client connection...
2021-09-27 12:43:27 - Server has been started
2021-09-27 12:43:28 - Waiting for new client connection...
2021-09-27 12:43:32 - Client has been connected
2021-09-27 12:43:32 - Waiting for new client connection...
2021-09-27 12:43:35 - Client has been connected
2021-09-27 12:43:35 - Waiting for new client connection...
2021-09-27 12:44:08 - Failed to process message from client
2021-09-27 12:44:11 - Failed to process message from client
2021-09-27 12:47:31 - Server has been started
2021-09-27 12:47:32 - Waiting for new client connection...
2021-09-27 12:47:43 - Client has been connected
2021-09-27 12:47:43 - Waiting for new client connection...
2021-09-27 12:48:00 - Client has been connected
2021-09-27 12:48:00 - Waiting for new client connection...
2021-09-27 12:48:18 - Client has been connected
2021-09-27 12:48:18 - Waiting for new client connection...
2021-09-27 12:50:31 - Failed to process message from client
2021-09-27 12:50:33 - Failed to process message from client
2021-09-27 12:50:35 - Failed to process message from client
2021-09-27 14:06:59 - Server has been started
2021-09-27 14:06:59 - Waiting for new client connection...
2021-09-27 14:07:14 - Client has been connected
2021-09-27 14:07:14 - Waiting for new client connection...
2021-09-27 14:18:53 - Server has been started
2021-09-27 14:18:53 - Waiting for new client connection...
2021-09-27 14:19:04 - Client has been connected
2021-09-27 14:19:04 - Waiting for new client connection...
2021-09-27 14:20:41 - Failed to process message from client
2021-09-27 14:23:45 - Server has been started
2021-09-27 14:23:45 - Waiting for new client connection...
2021-09-27 14:23:59 - Client has been connected
2021-09-27 14:23:59 - Waiting for new client connection...
2021-09-27 14:24:44 - Failed to process message from client
2021-09-27 14:26:02 - Server has been started
2021-09-27 14:26:02 - Waiting for new client connection...
2021-09-27 14:26:06 - Client has been connected
2021-09-27 14:26:06 - Waiting for new client connection...
2021-09-27 14:27:12 - Server has been started
2021-09-27 14:27:12 - Waiting for new client connection...
2021-09-27 14:27:23 - Client has been connected
2021-09-27 14:27:23 - Waiting for new client connection...
2021-09-27 14:29:19 - Server has been started
2021-09-27 14:29:20 - Waiting for new client connection...
2021-09-27 14:29:28 - Client has been connected
2021-09-27 14:29:28 - Waiting for new client connection...
2021-09-27 14:39:18 - Server has been started
2021-09-27 14:39:19 - Waiting for new client connection...
2021-09-27 14:39:24 - Client has been connected
2021-09-27 14:39:24 - Waiting for new client connection...
2021-09-27 14:44:54 - Server has been started
2021-09-27 14:44:55 - Waiting for new client connection...
2021-09-27 14:45:05 - Client has been connected
2021-09-27 14:45:05 - Waiting for new client connection...
2021-09-27 14:50:57 - Server has been started
2021-09-27 14:50:57 - Waiting for new client connection...
2021-09-27 14:51:04 - Client has been connected
2021-09-27 14:51:04 - Waiting for new client connection...
2021-09-27 14:53:41 - Server has been started
2021-09-27 14:53:41 - Waiting for new client connection...
2021-09-27 14:53:50 - Client has been connected
2021-09-27 14:53:50 - Waiting for new client connection...
2021-09-27 14:54:42 - Server has been started
2021-09-27 14:54:42 - Waiting for new client connection...
2021-09-27 14:54:51 - Client has been connected
2021-09-27 14:54:51 - Waiting for new client connection...
2021-09-27 14:57:24 - Server has been started
2021-09-27 14:57:25 - Waiting for new client connection...
2021-09-27 14:57:31 - Client has been connected
2021-09-27 14:57:31 - Waiting for new client connection...
2021-09-27 14:58:21 - Failed to process message from client
2021-09-27 14:59:11 - Server has been started
2021-09-27 14:59:11 - Waiting for new client connection...
2021-09-27 14:59:18 - Client has been connected
2021-09-27 14:59:18 - Waiting for new client connection...
2021-09-27 14:59:55 - Failed to process message from client
