2021-09-26 09:45:35 - Server has been started
2021-09-26 09:45:35 - Waiting for new client connection...
2021-09-26 09:49:05 - Server has been started
2021-09-26 09:49:06 - Waiting for new client connection...
2021-09-26 09:49:24 - Client has been connected
2021-09-26 09:49:24 - Waiting for new client connection...
2021-09-26 09:49:42 - Failed to process message from client
2021-09-26 09:58:42 - Server has been started
2021-09-26 09:58:42 - Waiting for new client connection...
2021-09-26 09:58:56 - Client has been connected
2021-09-26 09:58:56 - Waiting for new client connection...
2021-09-26 09:59:19 - Failed to process message from client
2021-09-26 09:59:24 - Client has been connected
2021-09-26 09:59:24 - Waiting for new client connection...
2021-09-26 09:59:44 - Failed to process message from client
2021-09-26 09:59:55 - Client has been connected
2021-09-26 09:59:55 - Waiting for new client connection...
2021-09-26 10:00:23 - Failed to process message from client
2021-09-26 10:00:41 - Client has been connected
2021-09-26 10:00:41 - Waiting for new client connection...
2021-09-26 10:01:09 - Failed to process message from client
2021-09-26 10:01:20 - Client has been connected
2021-09-26 10:01:20 - Waiting for new client connection...
2021-09-26 10:02:10 - Failed to process message from client
2021-09-26 10:02:43 - Client has been connected
2021-09-26 10:02:43 - Waiting for new client connection...
2021-09-26 10:03:00 - Failed to process message from client
2021-09-26 10:05:10 - Server has been started
2021-09-26 10:05:11 - Waiting for new client connection...
2021-09-26 10:05:47 - Server has been started
2021-09-26 10:05:47 - Waiting for new client connection...
2021-09-26 10:05:59 - Client has been connected
2021-09-26 10:05:59 - Waiting for new client connection...
2021-09-26 10:07:08 - Failed to process message from client
2021-09-26 10:07:18 - Client has been connected
2021-09-26 10:07:18 - Waiting for new client connection...
2021-09-26 10:07:59 - Failed to process message from client
2021-09-26 10:41:23 - Server has been started
2021-09-26 10:41:23 - Waiting for new client connection...
2021-09-26 10:41:38 - Client has been connected
2021-09-26 10:41:38 - Waiting for new client connection...
2021-09-26 10:42:19 - Failed to process message from client
2021-09-26 10:42:51 - Server has been started
2021-09-26 10:42:51 - Waiting for new client connection...
2021-09-26 10:42:58 - Client has been connected
2021-09-26 10:42:58 - Waiting for new client connection...
2021-09-26 10:43:31 - Failed to process message from client
2021-09-26 10:47:32 - Server has been started
2021-09-26 10:47:33 - Waiting for new client connection...
2021-09-26 10:47:37 - Client has been connected
2021-09-26 10:47:37 - Waiting for new client connection...
2021-09-26 10:48:20 - Failed to process message from client
2021-09-26 10:48:56 - Server has been started
2021-09-26 10:48:57 - Waiting for new client connection...
2021-09-26 10:49:08 - Client has been connected
2021-09-26 10:49:08 - Waiting for new client connection...
2021-09-26 10:50:21 - Server has been started
2021-09-26 10:50:21 - Waiting for new client connection...
2021-09-26 10:50:30 - Client has been connected
2021-09-26 10:50:30 - Waiting for new client connection...
2021-09-26 10:51:17 - Failed to process message from client
2021-09-26 10:51:20 - Client has been connected
2021-09-26 10:51:20 - Waiting for new client connection...
2021-09-26 10:57:11 - Server has been started
2021-09-26 10:57:11 - Waiting for new client connection...
2021-09-26 10:57:23 - Client has been connected
2021-09-26 10:57:23 - Waiting for new client connection...
2021-09-26 10:57:56 - Failed to process message from client
2021-09-26 10:57:59 - Client has been connected
2021-09-26 10:57:59 - Waiting for new client connection...
2021-09-26 10:58:26 - Failed to process message from client
2021-09-26 11:05:27 - Server has been started
2021-09-26 11:05:27 - Waiting for new client connection...
2021-09-26 11:05:36 - Client has been connected
2021-09-26 11:05:36 - Waiting for new client connection...
2021-09-26 11:06:11 - Failed to process message from client
2021-09-26 11:06:13 - Client has been connected
2021-09-26 11:06:13 - Waiting for new client connection...
2021-09-26 11:06:37 - Failed to process message from client
2021-09-26 11:10:49 - Server has been started
2021-09-26 11:10:49 - Waiting for new client connection...
2021-09-26 11:11:10 - Client has been connected
2021-09-26 11:11:10 - Waiting for new client connection...
2021-09-26 11:11:56 - Failed to process message from client
2021-09-26 11:12:01 - Client has been connected
2021-09-26 11:12:01 - Waiting for new client connection...
2021-09-26 11:12:29 - Failed to process message from client
2021-09-26 11:16:01 - Server has been started
2021-09-26 11:16:01 - Waiting for new client connection...
2021-09-26 11:16:12 - Client has been connected
2021-09-26 11:16:12 - Waiting for new client connection...
2021-09-26 11:17:14 - Failed to process message from client
2021-09-26 11:29:05 - Server has been started
2021-09-26 11:29:06 - Waiting for new client connection...
2021-09-26 11:29:16 - Client has been connected
2021-09-26 11:29:16 - Waiting for new client connection...
2021-09-26 11:29:55 - Server has been started
2021-09-26 11:29:55 - Waiting for new client connection...
2021-09-26 11:29:57 - Client has been connected
2021-09-26 11:29:57 - Waiting for new client connection...
2021-09-26 11:31:19 - Server has been started
2021-09-26 11:31:19 - Waiting for new client connection...
2021-09-26 11:31:28 - Client has been connected
2021-09-26 11:31:28 - Waiting for new client connection...
2021-09-26 11:31:59 - Failed to process message from client
2021-09-26 11:33:28 - Client has been connected
2021-09-26 11:33:28 - Waiting for new client connection...
2021-09-26 11:33:43 - Failed to process message from client
2021-09-26 11:37:37 - Client has been connected
2021-09-26 11:37:37 - Waiting for new client connection...
2021-09-26 11:37:45 - Failed to process message from client
2021-09-26 11:37:48 - Client has been connected
2021-09-26 11:37:48 - Waiting for new client connection...
2021-09-26 11:38:16 - Server has been started
2021-09-26 11:38:16 - Waiting for new client connection...
2021-09-26 11:38:20 - Client has been connected
2021-09-26 11:38:20 - Waiting for new client connection...
2021-09-26 11:40:25 - Server has been started
2021-09-26 11:40:25 - Waiting for new client connection...
2021-09-26 11:40:38 - Client has been connected
2021-09-26 11:40:38 - Waiting for new client connection...
2021-09-26 11:41:10 - Server has been started
2021-09-26 11:41:10 - Waiting for new client connection...
2021-09-26 11:41:14 - Client has been connected
2021-09-26 11:41:14 - Waiting for new client connection...
2021-09-26 11:42:13 - Failed to process message from client
2021-09-26 11:42:35 - Server has been started
2021-09-26 11:42:35 - Waiting for new client connection...
2021-09-26 11:42:45 - Client has been connected
2021-09-26 11:42:45 - Waiting for new client connection...
2021-09-26 11:44:00 - Server has been started
2021-09-26 11:44:00 - Waiting for new client connection...
2021-09-26 11:44:15 - Client has been connected
2021-09-26 11:44:15 - Waiting for new client connection...
2021-09-26 11:44:40 - Failed to process message from client
2021-09-26 11:44:58 - Client has been connected
2021-09-26 11:44:58 - Waiting for new client connection...
2021-09-26 12:07:33 - Server has been started
2021-09-26 12:07:34 - Waiting for new client connection...
2021-09-26 12:07:51 - Client has been connected
2021-09-26 12:07:51 - Waiting for new client connection...
2021-09-26 12:14:29 - Server has been started
2021-09-26 12:14:30 - Waiting for new client connection...
2021-09-26 12:14:42 - Client has been connected
2021-09-26 12:14:42 - Waiting for new client connection...
2021-09-26 12:15:57 - Server has been started
2021-09-26 12:15:58 - Waiting for new client connection...
2021-09-26 12:16:09 - Client has been connected
2021-09-26 12:16:09 - Waiting for new client connection...
2021-09-26 12:16:47 - Server has been started
2021-09-26 12:16:47 - Waiting for new client connection...
2021-09-26 12:16:59 - Client has been connected
2021-09-26 12:16:59 - Waiting for new client connection...
2021-09-26 12:17:46 - Server has been started
2021-09-26 12:17:46 - Waiting for new client connection...
2021-09-26 12:17:58 - Client has been connected
2021-09-26 12:17:58 - Waiting for new client connection...
2021-09-26 12:19:30 - Server has been started
2021-09-26 12:19:30 - Waiting for new client connection...
2021-09-26 12:19:42 - Client has been connected
2021-09-26 12:19:42 - Waiting for new client connection...
2021-09-26 12:22:01 - Server has been started
2021-09-26 12:22:02 - Waiting for new client connection...
2021-09-26 12:22:17 - Client has been connected
2021-09-26 12:22:17 - Waiting for new client connection...
2021-09-26 12:25:08 - Server has been started
2021-09-26 12:25:08 - Waiting for new client connection...
2021-09-26 12:25:22 - Client has been connected
2021-09-26 12:25:22 - Waiting for new client connection...
2021-09-26 12:27:23 - Server has been started
2021-09-26 12:27:24 - Waiting for new client connection...
2021-09-26 12:27:37 - Client has been connected
2021-09-26 12:27:37 - Waiting for new client connection...
2021-09-26 12:28:53 - Server has been started
2021-09-26 12:28:53 - Waiting for new client connection...
2021-09-26 12:29:05 - Client has been connected
2021-09-26 12:29:05 - Waiting for new client connection...
2021-09-26 12:29:30 - Failed to process message from client
2021-09-26 12:29:42 - Server has been started
2021-09-26 12:29:42 - Waiting for new client connection...
2021-09-26 12:29:45 - Client has been connected
2021-09-26 12:29:45 - Waiting for new client connection...
2021-09-26 12:30:46 - Server has been started
2021-09-26 12:30:47 - Waiting for new client connection...
2021-09-26 12:30:57 - Client has been connected
2021-09-26 12:30:57 - Waiting for new client connection...
2021-09-26 12:31:21 - Server has been started
2021-09-26 12:31:21 - Waiting for new client connection...
2021-09-26 12:31:31 - Client has been connected
2021-09-26 12:31:31 - Waiting for new client connection...
2021-09-26 12:34:12 - Server has been started
2021-09-26 12:34:12 - Waiting for new client connection...
2021-09-26 12:34:16 - Client has been connected
2021-09-26 12:34:16 - Waiting for new client connection...
2021-09-26 12:34:56 - Server has been started
2021-09-26 12:34:56 - Waiting for new client connection...
2021-09-26 12:34:59 - Client has been connected
2021-09-26 12:34:59 - Waiting for new client connection...
2021-09-26 12:37:03 - Server has been started
2021-09-26 12:37:03 - Waiting for new client connection...
2021-09-26 12:37:14 - Client has been connected
2021-09-26 12:37:14 - Waiting for new client connection...
2021-09-26 12:39:47 - Server has been started
2021-09-26 12:39:47 - Waiting for new client connection...
2021-09-26 12:39:59 - Client has been connected
2021-09-26 12:39:59 - Waiting for new client connection...
2021-09-26 12:40:51 - Server has been started
2021-09-26 12:40:52 - Waiting for new client connection...
2021-09-26 12:41:03 - Client has been connected
2021-09-26 12:41:03 - Waiting for new client connection...
2021-09-26 12:41:23 - Failed to process message from client
2021-09-26 12:41:27 - Client has been connected
2021-09-26 12:41:27 - Waiting for new client connection...
2021-09-26 12:41:35 - Failed to process message from client
2021-09-26 12:42:15 - Client has been connected
2021-09-26 12:42:15 - Waiting for new client connection...
2021-09-26 12:42:38 - Failed to process message from client
2021-09-26 12:45:32 - Server has been started
2021-09-26 12:45:32 - Waiting for new client connection...
2021-09-26 12:45:44 - Client has been connected
2021-09-26 12:45:44 - Waiting for new client connection...
2021-09-26 12:46:35 - Server has been started
2021-09-26 12:46:36 - Waiting for new client connection...
2021-09-26 12:46:46 - Client has been connected
2021-09-26 12:46:46 - Waiting for new client connection...
2021-09-26 12:47:37 - Server has been started
2021-09-26 12:47:37 - Waiting for new client connection...
2021-09-26 12:47:47 - Client has been connected
2021-09-26 12:47:47 - Waiting for new client connection...
2021-09-26 12:48:53 - Server has been started
2021-09-26 12:48:53 - Waiting for new client connection...
2021-09-26 12:49:03 - Client has been connected
2021-09-26 12:49:03 - Waiting for new client connection...
2021-09-26 12:49:27 - Failed to process message from client
2021-09-26 12:49:39 - Client has been connected
2021-09-26 12:49:39 - Waiting for new client connection...
2021-09-26 12:50:00 - Failed to process message from client
2021-09-26 12:50:58 - Server has been started
2021-09-26 12:50:58 - Waiting for new client connection...
2021-09-26 12:51:00 - Client has been connected
2021-09-26 12:51:00 - Waiting for new client connection...
2021-09-26 12:51:44 - Server has been started
2021-09-26 12:51:44 - Waiting for new client connection...
2021-09-26 12:51:46 - Client has been connected
2021-09-26 12:51:46 - Waiting for new client connection...
2021-09-26 12:51:58 - Failed to process message from client
2021-09-26 12:52:48 - Server has been started
2021-09-26 12:52:48 - Waiting for new client connection...
2021-09-26 12:52:50 - Client has been connected
2021-09-26 12:52:50 - Waiting for new client connection...
2021-09-26 12:53:45 - Server has been started
2021-09-26 12:53:45 - Waiting for new client connection...
2021-09-26 12:53:54 - Client has been connected
2021-09-26 12:53:54 - Waiting for new client connection...
2021-09-26 12:54:49 - Server has been started
2021-09-26 12:54:50 - Waiting for new client connection...
2021-09-26 12:54:58 - Client has been connected
2021-09-26 12:54:58 - Waiting for new client connection...
2021-09-26 12:56:40 - Server has been started
2021-09-26 12:56:40 - Waiting for new client connection...
2021-09-26 12:56:52 - Client has been connected
2021-09-26 12:56:52 - Waiting for new client connection...
2021-09-26 12:57:07 - Failed to process message from client
2021-09-26 12:57:23 - Server has been started
2021-09-26 12:57:24 - Waiting for new client connection...
2021-09-26 12:57:44 - Client has been connected
2021-09-26 12:57:44 - Waiting for new client connection...
2021-09-26 12:58:18 - Failed to process message from client
2021-09-26 13:10:43 - Server has been started
2021-09-26 13:10:43 - Waiting for new client connection...
2021-09-26 13:11:05 - Client has been connected
2021-09-26 13:11:05 - Waiting for new client connection...
2021-09-26 13:11:23 - Failed to process message from client
2021-09-26 13:11:35 - Client has been connected
2021-09-26 13:11:35 - Waiting for new client connection...
2021-09-26 13:11:56 - Failed to process message from client
2021-09-26 14:27:09 - Server has been started
2021-09-26 14:27:09 - Waiting for new client connection...
2021-09-26 14:27:12 - Client has been connected
2021-09-26 14:27:13 - Waiting for new client connection...
2021-09-26 14:27:33 - Failed to process message from client
2021-09-26 14:29:29 - Server has been started
2021-09-26 14:29:29 - Waiting for new client connection...
2021-09-26 14:29:32 - Client has been connected
2021-09-26 14:29:32 - Waiting for new client connection...
2021-09-26 14:30:26 - Client has been connected
2021-09-26 14:30:26 - Waiting for new client connection...
2021-09-26 14:31:19 - Client has been connected
2021-09-26 14:31:19 - Waiting for new client connection...
2021-09-26 14:31:55 - Failed to process message from client
2021-09-26 14:31:56 - Failed to process message from client
2021-09-26 14:31:57 - Failed to process message from client
2021-09-26 14:32:47 - Client has been connected
2021-09-26 14:32:47 - Waiting for new client connection...
2021-09-26 14:33:05 - Client has been connected
2021-09-26 14:33:05 - Waiting for new client connection...
2021-09-26 14:33:31 - Client has been connected
2021-09-26 14:33:31 - Waiting for new client connection...
2021-09-26 14:34:28 - Failed to process message from client
2021-09-26 14:34:29 - Failed to process message from client
2021-09-26 14:34:39 - Failed to process message from client
2021-09-26 14:35:41 - Client has been connected
2021-09-26 14:35:41 - Waiting for new client connection...
2021-09-26 14:35:59 - Client has been connected
2021-09-26 14:35:59 - Waiting for new client connection...
2021-09-26 14:43:55 - Server has been started
2021-09-26 14:43:56 - Waiting for new client connection...
2021-09-26 14:44:06 - Client has been connected
2021-09-26 14:44:06 - Waiting for new client connection...
2021-09-26 14:44:23 - Client has been connected
2021-09-26 14:44:23 - Waiting for new client connection...
2021-09-26 14:44:45 - Client has been connected
2021-09-26 14:44:45 - Waiting for new client connection...
2021-09-26 14:45:10 - Failed to process message from client
2021-09-26 14:45:18 - Failed to process message from client
2021-09-26 14:45:21 - Failed to process message from client
2021-09-26 14:51:41 - Server has been started
2021-09-26 14:51:41 - Waiting for new client connection...
2021-09-26 14:51:52 - Client has been connected
2021-09-26 14:51:52 - Waiting for new client connection...
2021-09-26 14:52:20 - Failed to process message from client
2021-09-26 14:53:05 - Client has been connected
2021-09-26 14:53:05 - Waiting for new client connection...
2021-09-26 14:53:31 - Failed to process message from client
2021-09-26 14:55:11 - Client has been connected
2021-09-26 14:55:11 - Waiting for new client connection...
2021-09-26 14:55:47 - Failed to process message from client
2021-09-26 14:56:14 - Client has been connected
2021-09-26 14:56:14 - Waiting for new client connection...
2021-09-26 14:56:42 - Failed to process message from client
2021-09-26 14:57:00 - Server has been started
2021-09-26 14:57:00 - Waiting for new client connection...
2021-09-26 14:57:02 - Client has been connected
2021-09-26 14:57:02 - Waiting for new client connection...
2021-09-26 14:57:24 - Failed to process message from client
2021-09-26 14:57:59 - Server has been started
2021-09-26 14:57:59 - Waiting for new client connection...
2021-09-26 14:58:09 - Client has been connected
2021-09-26 14:58:09 - Waiting for new client connection...
2021-09-26 14:59:44 - Server has been started
2021-09-26 14:59:45 - Waiting for new client connection...
2021-09-26 14:59:55 - Client has been connected
2021-09-26 14:59:55 - Waiting for new client connection...
2021-09-26 15:03:11 - Server has been started
2021-09-26 15:03:11 - Waiting for new client connection...
2021-09-26 15:03:21 - Client has been connected
2021-09-26 15:03:21 - Waiting for new client connection...
2021-09-26 15:05:39 - Server has been started
2021-09-26 15:05:39 - Waiting for new client connection...
2021-09-26 15:05:49 - Client has been connected
2021-09-26 15:05:49 - Waiting for new client connection...
2021-09-26 15:06:14 - Failed to process message from client
2021-09-26 15:06:42 - Client has been connected
2021-09-26 15:06:42 - Waiting for new client connection...
2021-09-26 15:07:08 - Failed to process message from client
2021-09-26 15:10:47 - Server has been started
2021-09-26 15:10:47 - Waiting for new client connection...
2021-09-26 15:10:58 - Client has been connected
2021-09-26 15:10:58 - Waiting for new client connection...
2021-09-26 15:11:46 - Failed to process message from client
2021-09-26 15:12:27 - Server has been started
2021-09-26 15:12:28 - Waiting for new client connection...
2021-09-26 15:12:36 - Client has been connected
2021-09-26 15:12:36 - Waiting for new client connection...
2021-09-26 15:13:00 - Failed to process message from client
2021-09-26 15:15:40 - Server has been started
2021-09-26 15:15:40 - Waiting for new client connection...
2021-09-26 15:15:49 - Client has been connected
2021-09-26 15:15:49 - Waiting for new client connection...
2021-09-26 15:16:27 - Failed to process message from client
2021-09-26 15:18:56 - Server has been started
2021-09-26 15:18:56 - Waiting for new client connection...
2021-09-26 15:19:06 - Client has been connected
2021-09-26 15:19:06 - Waiting for new client connection...
2021-09-26 15:22:28 - Server has been started
2021-09-26 15:22:28 - Waiting for new client connection...
2021-09-26 15:22:35 - Client has been connected
2021-09-26 15:22:35 - Waiting for new client connection...
2021-09-26 15:22:51 - Client has been connected
2021-09-26 15:22:51 - Waiting for new client connection...
2021-09-26 15:23:40 - Failed to process message from client
2021-09-26 15:23:42 - Failed to process message from client
2021-09-26 15:26:38 - Server has been started
2021-09-26 15:26:38 - Waiting for new client connection...
2021-09-26 15:26:42 - Client has been connected
2021-09-26 15:26:42 - Waiting for new client connection...
2021-09-26 15:27:16 - Client has been connected
2021-09-26 15:27:16 - Waiting for new client connection...
2021-09-26 15:27:56 - Failed to process message from client
2021-09-26 15:27:57 - Failed to process message from client
2021-09-26 15:29:47 - Server has been started
2021-09-26 15:29:47 - Waiting for new client connection...
2021-09-26 15:29:57 - Client has been connected
2021-09-26 15:29:57 - Waiting for new client connection...
2021-09-26 15:30:10 - Client has been connected
2021-09-26 15:30:10 - Waiting for new client connection...
2021-09-26 15:30:36 - Failed to process message from client
2021-09-26 15:30:37 - Failed to process message from client
2021-09-26 15:51:01 - Server has been started
2021-09-26 15:51:01 - Waiting for new client connection...
2021-09-26 15:51:10 - Client has been connected
2021-09-26 15:51:10 - Waiting for new client connection...
2021-09-26 15:53:44 - Server has been started
2021-09-26 15:53:44 - Waiting for new client connection...
2021-09-26 15:53:52 - Client has been connected
2021-09-26 15:53:52 - Waiting for new client connection...
2021-09-26 15:54:56 - Server has been started
2021-09-26 15:54:56 - Waiting for new client connection...
2021-09-26 15:55:04 - Client has been connected
2021-09-26 15:55:04 - Waiting for new client connection...
2021-09-26 15:59:30 - Server has been started
2021-09-26 15:59:31 - Waiting for new client connection...
2021-09-26 15:59:39 - Client has been connected
2021-09-26 15:59:39 - Waiting for new client connection...
2021-09-26 16:00:12 - Failed to process message from client
2021-09-26 16:00:27 - Client has been connected
2021-09-26 16:00:27 - Waiting for new client connection...
2021-09-26 16:00:45 - Failed to process message from client
2021-09-26 16:01:03 - Client has been connected
2021-09-26 16:01:03 - Waiting for new client connection...
2021-09-26 16:09:27 - Server has been started
2021-09-26 16:09:28 - Waiting for new client connection...
2021-09-26 16:09:36 - Client has been connected
2021-09-26 16:09:36 - Waiting for new client connection...
2021-09-26 16:10:44 - Server has been started
2021-09-26 16:10:44 - Waiting for new client connection...
2021-09-26 16:10:52 - Client has been connected
2021-09-26 16:10:52 - Waiting for new client connection...
2021-09-26 16:11:13 - Failed to process message from client
2021-09-26 16:14:00 - Client has been connected
2021-09-26 16:14:00 - Waiting for new client connection...
2021-09-26 16:14:12 - Failed to process message from client
2021-09-26 16:15:04 - Client has been connected
2021-09-26 16:15:04 - Waiting for new client connection...
2021-09-26 16:15:18 - Failed to process message from client
2021-09-26 16:15:25 - Client has been connected
2021-09-26 16:15:25 - Waiting for new client connection...
2021-09-26 16:15:45 - Failed to process message from client
2021-09-26 16:19:17 - Client has been connected
2021-09-26 16:19:17 - Waiting for new client connection...
2021-09-26 16:19:36 - Failed to process message from client
2021-09-26 16:22:35 - Client has been connected
2021-09-26 16:22:35 - Waiting for new client connection...
2021-09-26 16:22:41 - Failed to process message from client
2021-09-26 16:24:18 - Server has been started
2021-09-26 16:24:19 - Waiting for new client connection...
2021-09-26 16:27:48 - Client has been connected
2021-09-26 16:27:48 - Waiting for new client connection...
2021-09-26 16:28:08 - Failed to process message from client
2021-09-26 16:28:14 - Client has been connected
2021-09-26 16:28:14 - Waiting for new client connection...
2021-09-26 16:28:19 - Failed to process message from client
2021-09-26 16:28:24 - Server has been started
2021-09-26 16:28:25 - Waiting for new client connection...
2021-09-26 16:28:27 - Client has been connected
2021-09-26 16:28:27 - Waiting for new client connection...
2021-09-26 16:28:44 - Failed to process message from client
2021-09-26 16:29:02 - Client has been connected
2021-09-26 16:29:02 - Waiting for new client connection...
2021-09-26 16:29:21 - Failed to process message from client
2021-09-26 16:29:32 - Client has been connected
2021-09-26 16:29:32 - Waiting for new client connection...
2021-09-26 16:29:38 - Failed to process message from client
2021-09-26 16:29:44 - Client has been connected
2021-09-26 16:29:44 - Waiting for new client connection...
2021-09-26 16:30:00 - Client has been connected
2021-09-26 16:30:00 - Waiting for new client connection...
2021-09-26 16:30:46 - Failed to process message from client
2021-09-26 16:30:51 - Failed to process message from client
2021-09-26 16:31:07 - Client has been connected
2021-09-26 16:31:07 - Waiting for new client connection...
2021-09-26 16:31:16 - Client has been connected
2021-09-26 16:31:16 - Waiting for new client connection...
2021-09-26 16:32:38 - Failed to process message from client
2021-09-26 16:32:41 - Failed to process message from client
2021-09-26 16:33:20 - Server has been started
2021-09-26 16:33:20 - Waiting for new client connection...
2021-09-26 16:33:23 - Client has been connected
2021-09-26 16:33:23 - Waiting for new client connection...
2021-09-26 16:33:40 - Client has been connected
2021-09-26 16:33:40 - Waiting for new client connection...
2021-09-26 16:34:26 - Failed to process message from client
2021-09-26 16:35:42 - Client has been connected
2021-09-26 16:35:42 - Waiting for new client connection...
2021-09-26 16:36:30 - Failed to process message from client
2021-09-26 16:37:01 - Client has been connected
2021-09-26 16:37:01 - Waiting for new client connection...
2021-09-26 16:37:08 - Server has been started
2021-09-26 16:37:08 - Waiting for new client connection...
2021-09-26 16:37:10 - Client has been connected
2021-09-26 16:37:10 - Waiting for new client connection...
2021-09-26 16:37:20 - Client has been connected
2021-09-26 16:37:20 - Waiting for new client connection...
2021-09-26 16:37:43 - Failed to process message from client
2021-09-26 16:39:27 - Server has been started
2021-09-26 16:39:28 - Waiting for new client connection...
2021-09-26 16:39:36 - Client has been connected
2021-09-26 16:39:36 - Waiting for new client connection...
2021-09-26 16:40:02 - Client has been connected
2021-09-26 16:40:02 - Waiting for new client connection...
2021-09-26 16:40:56 - Failed to process message from client
2021-09-26 16:49:24 - Server has been started
2021-09-26 16:49:24 - Waiting for new client connection...
2021-09-26 16:49:32 - Client has been connected
2021-09-26 16:49:32 - Waiting for new client connection...
2021-09-26 16:49:47 - Client has been connected
2021-09-26 16:49:47 - Waiting for new client connection...
2021-09-26 16:50:25 - Client has been connected
2021-09-26 16:50:25 - Waiting for new client connection...
2021-09-26 16:51:10 - Failed to process message from client
2021-09-26 16:51:12 - Failed to process message from client
2021-09-26 16:51:13 - Failed to process message from client
2021-09-26 17:03:42 - Server has been started
2021-09-26 17:03:42 - Waiting for new client connection...
2021-09-26 17:03:50 - Client has been connected
2021-09-26 17:03:50 - Waiting for new client connection...
2021-09-26 17:04:09 - Client has been connected
2021-09-26 17:04:09 - Waiting for new client connection...
2021-09-26 17:04:45 - Client has been connected
2021-09-26 17:04:45 - Waiting for new client connection...
2021-09-26 17:05:52 - Failed to process message from client
2021-09-26 17:05:54 - Failed to process message from client
2021-09-26 17:05:55 - Failed to process message from client
2021-09-26 17:06:25 - Server has been started
2021-09-26 17:06:25 - Waiting for new client connection...
2021-09-26 17:06:33 - Client has been connected
2021-09-26 17:06:33 - Waiting for new client connection...
2021-09-26 17:06:47 - Client has been connected
2021-09-26 17:06:47 - Waiting for new client connection...
2021-09-26 17:07:18 - Client has been connected
2021-09-26 17:07:18 - Waiting for new client connection...
2021-09-26 17:08:08 - Failed to process message from client
2021-09-26 17:08:09 - Failed to process message from client
2021-09-26 17:08:10 - Failed to process message from client
2021-09-26 17:21:31 - Server has been started
2021-09-26 17:21:31 - Waiting for new client connection...
2021-09-26 17:21:38 - Client has been connected
2021-09-26 17:21:38 - Waiting for new client connection...
2021-09-26 17:22:30 - Failed to process message from client
2021-09-26 17:24:41 - Server has been started
2021-09-26 17:24:41 - Waiting for new client connection...
2021-09-26 17:24:51 - Client has been connected
2021-09-26 17:24:51 - Waiting for new client connection...
2021-09-26 17:25:51 - Server has been started
2021-09-26 17:25:51 - Waiting for new client connection...
2021-09-26 17:25:54 - Client has been connected
2021-09-26 17:25:54 - Waiting for new client connection...
2021-09-26 17:26:42 - Failed to process message from client
2021-09-26 17:30:26 - Client has been connected
2021-09-26 17:30:26 - Waiting for new client connection...
2021-09-26 17:31:30 - Failed to process message from client
2021-09-26 17:32:18 - Client has been connected
2021-09-26 17:32:18 - Waiting for new client connection...
2021-09-26 17:32:58 - Failed to process message from client
2021-09-26 17:42:11 - Client has been connected
2021-09-26 17:42:11 - Waiting for new client connection...
2021-09-26 17:43:06 - Failed to process message from client
2021-09-26 17:43:57 - Client has been connected
2021-09-26 17:43:57 - Waiting for new client connection...
2021-09-26 17:43:59 - Failed to process message from client
2021-09-26 17:44:07 - Client has been connected
2021-09-26 17:44:07 - Waiting for new client connection...
2021-09-26 17:44:29 - Failed to process message from client
2021-09-26 17:45:52 - Client has been connected
2021-09-26 17:45:52 - Waiting for new client connection...
2021-09-26 17:46:30 - Failed to process message from client
2021-09-26 17:47:10 - Client has been connected
2021-09-26 17:47:10 - Waiting for new client connection...
2021-09-26 17:47:34 - Failed to process message from client
2021-09-26 17:56:54 - Client has been connected
2021-09-26 17:56:54 - Waiting for new client connection...
2021-09-26 17:57:23 - Client has been connected
2021-09-26 17:57:23 - Waiting for new client connection...
2021-09-26 17:59:09 - Failed to process message from client
2021-09-26 18:02:52 - Server has been started
2021-09-26 18:02:53 - Waiting for new client connection...
2021-09-26 18:03:03 - Client has been connected
2021-09-26 18:03:03 - Waiting for new client connection...
2021-09-26 18:03:22 - Client has been connected
2021-09-26 18:03:22 - Waiting for new client connection...
2021-09-26 18:05:21 - Failed to process message from client
2021-09-26 18:05:22 - Failed to process message from client
2021-09-26 18:05:42 - Client has been connected
2021-09-26 18:05:42 - Waiting for new client connection...
2021-09-26 18:06:00 - Client has been connected
2021-09-26 18:06:00 - Waiting for new client connection...
2021-09-26 18:08:40 - Server has been started
2021-09-26 18:08:40 - Waiting for new client connection...
2021-09-26 18:08:44 - Client has been connected
2021-09-26 18:08:44 - Waiting for new client connection...
2021-09-26 18:08:56 - Client has been connected
2021-09-26 18:08:56 - Waiting for new client connection...
2021-09-26 18:11:02 - Failed to process message from client
2021-09-26 18:11:02 - Failed to process message from client
2021-09-26 18:12:51 - Server has been started
2021-09-26 18:12:51 - Waiting for new client connection...
2021-09-26 18:13:01 - Client has been connected
2021-09-26 18:13:01 - Waiting for new client connection...
2021-09-26 18:13:18 - Client has been connected
2021-09-26 18:13:18 - Waiting for new client connection...
2021-09-26 18:15:23 - Failed to process message from client
2021-09-26 18:15:23 - Failed to process message from client
2021-09-26 18:16:43 - Client has been connected
2021-09-26 18:16:43 - Waiting for new client connection...
2021-09-26 18:17:11 - Failed to process message from client
2021-09-26 18:19:04 - Client has been connected
2021-09-26 18:19:04 - Waiting for new client connection...
2021-09-26 18:19:22 - Failed to process message from client
2021-09-26 18:24:00 - Server has been started
2021-09-26 18:24:01 - Waiting for new client connection...
2021-09-26 18:24:11 - Client has been connected
2021-09-26 18:24:11 - Waiting for new client connection...
2021-09-26 18:25:05 - Client has been connected
2021-09-26 18:25:05 - Waiting for new client connection...
2021-09-26 18:25:46 - Failed to process message from client
2021-09-26 18:25:47 - Failed to process message from client
2021-09-26 18:26:33 - Server has been started
2021-09-26 18:26:33 - Waiting for new client connection...
2021-09-26 18:26:44 - Client has been connected
2021-09-26 18:26:44 - Waiting for new client connection...
2021-09-26 18:27:03 - Failed to process message from client
2021-09-26 18:33:22 - Server has been started
2021-09-26 18:33:22 - Waiting for new client connection...
2021-09-26 18:33:33 - Client has been connected
2021-09-26 18:33:33 - Waiting for new client connection...
2021-09-26 18:34:05 - Failed to process message from client
2021-09-26 18:36:17 - Client has been connected
2021-09-26 18:36:17 - Waiting for new client connection...
2021-09-26 18:36:37 - Failed to process message from client
2021-09-26 18:39:20 - Client has been connected
2021-09-26 18:39:20 - Waiting for new client connection...
2021-09-26 18:40:08 - Failed to process message from client
2021-09-26 18:40:50 - Client has been connected
2021-09-26 18:40:50 - Waiting for new client connection...
2021-09-26 18:41:28 - Failed to process message from client
2021-09-26 18:41:54 - Client has been connected
2021-09-26 18:41:54 - Waiting for new client connection...
2021-09-26 18:42:18 - Failed to process message from client
2021-09-26 18:45:15 - Client has been connected
2021-09-26 18:45:15 - Waiting for new client connection...
2021-09-26 18:45:39 - Failed to process message from client
2021-09-26 18:46:16 - Client has been connected
2021-09-26 18:46:16 - Waiting for new client connection...
2021-09-26 18:46:51 - Failed to process message from client
2021-09-26 18:49:48 - Client has been connected
2021-09-26 18:49:48 - Waiting for new client connection...
2021-09-26 18:50:26 - Client has been connected
2021-09-26 18:50:26 - Waiting for new client connection...
2021-09-26 18:51:01 - Failed to process message from client
2021-09-26 18:53:35 - Failed to process message from client
2021-09-26 18:57:03 - Client has been connected
2021-09-26 18:57:03 - Waiting for new client connection...
2021-09-26 18:57:21 - Failed to process message from client
2021-09-26 18:57:41 - Client has been connected
2021-09-26 18:57:41 - Waiting for new client connection...
2021-09-26 18:58:03 - Client has been connected
2021-09-26 18:58:03 - Waiting for new client connection...
2021-09-26 18:59:29 - Failed to process message from client
2021-09-26 18:59:30 - Failed to process message from client
2021-09-26 19:06:39 - Client has been connected
2021-09-26 19:06:39 - Waiting for new client connection...
2021-09-26 19:06:42 - Failed to process message from client
2021-09-26 19:14:33 - Client has been connected
2021-09-26 19:14:33 - Waiting for new client connection...
2021-09-26 19:14:53 - Failed to process message from client
2021-09-26 19:16:03 - Client has been connected
2021-09-26 19:16:03 - Waiting for new client connection...
2021-09-26 19:16:29 - Client has been connected
2021-09-26 19:16:29 - Waiting for new client connection...
2021-09-26 19:16:47 - Failed to process message from client
2021-09-26 19:19:18 - Failed to process message from client
2021-09-26 19:19:54 - Client has been connected
2021-09-26 19:19:54 - Waiting for new client connection...
2021-09-26 19:20:17 - Client has been connected
2021-09-26 19:20:17 - Waiting for new client connection...
2021-09-26 19:20:36 - Client has been connected
2021-09-26 19:20:36 - Waiting for new client connection...
2021-09-26 19:25:57 - Failed to process message from client
2021-09-26 19:25:59 - Failed to process message from client
2021-09-26 19:26:00 - Failed to process message from client
2021-09-26 19:29:57 - Client has been connected
2021-09-26 19:29:57 - Waiting for new client connection...
2021-09-26 19:30:14 - Failed to process message from client
2021-09-26 19:30:28 - Client has been connected
2021-09-26 19:30:28 - Waiting for new client connection...
2021-09-26 19:30:45 - Client has been connected
2021-09-26 19:30:45 - Waiting for new client connection...
2021-09-26 19:31:05 - Client has been connected
2021-09-26 19:31:05 - Waiting for new client connection...
2021-09-26 19:32:14 - Failed to process message from client
2021-09-26 19:32:15 - Failed to process message from client
2021-09-26 19:32:16 - Failed to process message from client
2021-09-26 19:36:14 - Client has been connected
2021-09-26 19:36:14 - Waiting for new client connection...
2021-09-26 19:36:34 - Client has been connected
2021-09-26 19:36:34 - Waiting for new client connection...
2021-09-26 19:36:51 - Client has been connected
2021-09-26 19:36:51 - Waiting for new client connection...
2021-09-26 19:38:10 - Failed to process message from client
2021-09-26 19:38:11 - Failed to process message from client
2021-09-26 19:38:12 - Failed to process message from client
2021-09-26 19:44:59 - Client has been connected
2021-09-26 19:44:59 - Waiting for new client connection...
2021-09-26 19:45:23 - Failed to process message from client
2021-09-26 19:45:48 - Client has been connected
2021-09-26 19:45:48 - Waiting for new client connection...
2021-09-26 19:46:07 - Failed to process message from client
2021-09-26 19:46:16 - Client has been connected
2021-09-26 19:46:16 - Waiting for new client connection...
2021-09-26 19:46:51 - Client has been connected
2021-09-26 19:46:51 - Waiting for new client connection...
2021-09-26 19:47:47 - Failed to process message from client
2021-09-26 19:47:48 - Failed to process message from client
2021-09-26 19:49:41 - Client has been connected
2021-09-26 19:49:41 - Waiting for new client connection...
2021-09-26 19:49:58 - Client has been connected
2021-09-26 19:49:58 - Waiting for new client connection...
2021-09-26 19:50:29 - Failed to process message from client
2021-09-26 19:51:13 - Server has been started
2021-09-26 19:51:13 - Waiting for new client connection...
2021-09-26 19:51:30 - Client has been connected
2021-09-26 19:51:30 - Waiting for new client connection...
2021-09-26 19:51:32 - Client has been connected
2021-09-26 19:51:32 - Waiting for new client connection...
2021-09-26 19:51:32 - Client has been connected
2021-09-26 19:51:32 - Waiting for new client connection...
2021-09-26 19:53:28 - Failed to process message from client
2021-09-26 19:53:29 - Failed to process message from client
2021-09-26 19:53:30 - Failed to process message from client
2021-09-26 19:54:57 - Client has been connected
2021-09-26 19:54:57 - Waiting for new client connection...
2021-09-26 19:55:15 - Client has been connected
2021-09-26 19:55:15 - Waiting for new client connection...
2021-09-26 19:55:33 - Client has been connected
2021-09-26 19:55:33 - Waiting for new client connection...
2021-09-26 19:56:35 - Failed to process message from client
2021-09-26 19:56:36 - Failed to process message from client
2021-09-26 19:56:37 - Failed to process message from client
2021-09-26 19:58:57 - Client has been connected
2021-09-26 19:58:57 - Waiting for new client connection...
2021-09-26 19:59:16 - Client has been connected
2021-09-26 19:59:16 - Waiting for new client connection...
2021-09-26 19:59:55 - Failed to process message from client
2021-09-26 19:59:56 - Failed to process message from client
2021-09-26 20:01:24 - Client has been connected
2021-09-26 20:01:24 - Waiting for new client connection...
2021-09-26 20:01:42 - Client has been connected
2021-09-26 20:01:42 - Waiting for new client connection...
2021-09-26 20:03:05 - Failed to process message from client
2021-09-26 20:06:16 - Server has been started
2021-09-26 20:06:17 - Waiting for new client connection...
2021-09-26 20:06:26 - Client has been connected
2021-09-26 20:06:26 - Waiting for new client connection...
2021-09-26 20:06:43 - Client has been connected
2021-09-26 20:06:43 - Waiting for new client connection...
2021-09-26 20:07:53 - Failed to process message from client
2021-09-26 20:07:55 - Failed to process message from client
2021-09-26 20:12:30 - Client has been connected
2021-09-26 20:12:30 - Waiting for new client connection...
2021-09-26 20:12:50 - Client has been connected
2021-09-26 20:12:50 - Waiting for new client connection...
2021-09-26 20:15:24 - Failed to process message from client
2021-09-26 20:15:26 - Failed to process message from client
2021-09-26 20:19:05 - Client has been connected
2021-09-26 20:19:05 - Waiting for new client connection...
2021-09-26 20:19:21 - Client has been connected
2021-09-26 20:19:21 - Waiting for new client connection...
2021-09-26 20:20:02 - Failed to process message from client
2021-09-26 20:20:03 - Failed to process message from client
2021-09-26 20:27:41 - Client has been connected
2021-09-26 20:27:41 - Waiting for new client connection...
2021-09-26 20:28:00 - Client has been connected
2021-09-26 20:28:00 - Waiting for new client connection...
2021-09-26 20:28:50 - Client has been connected
2021-09-26 20:28:50 - Waiting for new client connection...
2021-09-26 20:30:37 - Failed to process message from client
2021-09-26 20:30:38 - Failed to process message from client
2021-09-26 20:30:39 - Failed to process message from client
2021-09-26 20:32:38 - Client has been connected
2021-09-26 20:32:38 - Waiting for new client connection...
2021-09-26 20:32:55 - Client has been connected
2021-09-26 20:32:55 - Waiting for new client connection...
2021-09-26 20:33:16 - Client has been connected
2021-09-26 20:33:16 - Waiting for new client connection...
2021-09-26 20:34:45 - Failed to process message from client
2021-09-26 20:34:47 - Failed to process message from client
2021-09-26 20:34:49 - Failed to process message from client
2021-09-26 20:36:46 - Client has been connected
2021-09-26 20:36:46 - Waiting for new client connection...
2021-09-26 20:37:06 - Client has been connected
2021-09-26 20:37:06 - Waiting for new client connection...
2021-09-26 20:37:27 - Client has been connected
2021-09-26 20:37:27 - Waiting for new client connection...
2021-09-26 20:37:59 - Failed to process message from client
2021-09-26 20:38:00 - Failed to process message from client
2021-09-26 20:38:01 - Failed to process message from client
2021-09-26 20:38:12 - Client has been connected
2021-09-26 20:38:12 - Waiting for new client connection...
2021-09-26 20:38:25 - Client has been connected
2021-09-26 20:38:25 - Waiting for new client connection...
2021-09-26 20:38:43 - Client has been connected
2021-09-26 20:38:44 - Waiting for new client connection...
2021-09-26 20:39:34 - Failed to process message from client
2021-09-26 20:39:35 - Failed to process message from client
2021-09-26 20:39:36 - Failed to process message from client
2021-09-26 20:41:12 - Client has been connected
2021-09-26 20:41:12 - Waiting for new client connection...
2021-09-26 20:41:29 - Client has been connected
2021-09-26 20:41:29 - Waiting for new client connection...
2021-09-26 20:41:57 - Client has been connected
2021-09-26 20:41:57 - Waiting for new client connection...
2021-09-26 20:44:20 - Failed to process message from client
2021-09-26 20:44:22 - Failed to process message from client
2021-09-26 20:44:23 - Failed to process message from client
2021-09-26 20:45:19 - Client has been connected
2021-09-26 20:45:19 - Waiting for new client connection...
2021-09-26 20:45:34 - Client has been connected
2021-09-26 20:45:34 - Waiting for new client connection...
2021-09-26 20:45:50 - Client has been connected
2021-09-26 20:45:50 - Waiting for new client connection...
2021-09-26 20:47:11 - Failed to process message from client
2021-09-26 20:47:14 - Failed to process message from client
2021-09-26 20:47:15 - Failed to process message from client
